
Oct 12, 2024 22:27:56.771 NEW SESSION
Oct 12, 2024 22:27:56.771 [13900:2284:1012/222756.769:ERROR:registration_request.cc(291)] Registration response error message: DEPRECATED_ENDPOINT
Oct 12, 2024 22:27:57.273 Created TensorFlow Lite XNNPACK delegate for CPU.
Oct 12, 2024 22:28:23.11 [13900:2284:1012/222823.010:ERROR:registration_request.cc(291)] Registration response error message: DEPRECATED_ENDPOINT
Oct 12, 2024 22:28:24.872 Attempting to use a delegate that only supports static-sized tensors with a graph that has dynamic-sized tensors (tensor#58 is a dynamic-sized tensor).
Oct 12, 2024 22:29:11.612 [13900:2284:1012/222911.612:ERROR:registration_request.cc(291)] Registration response error message: DEPRECATED_ENDPOINT
Oct 12, 2024 22:30:32.366 [13900:2284:1012/223032.366:ERROR:registration_request.cc(291)] Registration response error message: DEPRECATED_ENDPOINT
Oct 12, 2024 22:31:45.475 [16412:1064:1012/223145.474:ERROR:registration_request.cc(291)] Registration response error message: DEPRECATED_ENDPOINT
Oct 12, 2024 22:31:45.873 Created TensorFlow Lite XNNPACK delegate for CPU.
Oct 12, 2024 22:31:55.24 Attempting to use a delegate that only supports static-sized tensors with a graph that has dynamic-sized tensors (tensor#58 is a dynamic-sized tensor).
Oct 12, 2024 22:32:06.451 [16412:1064:1012/223206.451:ERROR:registration_request.cc(291)] Registration response error message: DEPRECATED_ENDPOINT
Oct 12, 2024 22:32:59.34 [16412:1064:1012/223259.034:ERROR:registration_request.cc(291)] Registration response error message: DEPRECATED_ENDPOINT
Oct 12, 2024 22:34:55.284 [16412:1064:1012/223455.284:ERROR:registration_request.cc(291)] Registration response error message: DEPRECATED_ENDPOINT
Oct 12, 2024 22:38:47.370 [16412:1064:1012/223847.369:ERROR:registration_request.cc(291)] Registration response error message: DEPRECATED_ENDPOINT
Oct 12, 2024 22:46:22.869 [16412:1064:1012/224622.868:ERROR:registration_request.cc(291)] Registration response error message: DEPRECATED_ENDPOINT

Oct 13, 2024 15:35:35.206 NEW SESSION
Oct 13, 2024 15:35:35.207 [9564:5968:1013/153535.205:ERROR:registration_request.cc(291)] Registration response error message: DEPRECATED_ENDPOINT
Oct 13, 2024 15:35:35.792 Created TensorFlow Lite XNNPACK delegate for CPU.
Oct 13, 2024 15:36:27.355 Created TensorFlow Lite XNNPACK delegate for CPU.
Oct 13, 2024 15:36:27.621 [19708:3340:1013/153627.621:ERROR:registration_request.cc(291)] Registration response error message: DEPRECATED_ENDPOINT
Oct 13, 2024 15:36:48.710 [19708:3340:1013/153648.709:ERROR:registration_request.cc(291)] Registration response error message: DEPRECATED_ENDPOINT
Oct 13, 2024 15:37:33.166 [19708:3340:1013/153733.166:ERROR:registration_request.cc(291)] Registration response error message: DEPRECATED_ENDPOINT
Oct 13, 2024 15:38:58.96 [19708:3340:1013/153858.095:ERROR:registration_request.cc(291)] Registration response error message: DEPRECATED_ENDPOINT
Oct 13, 2024 15:39:26.260 Attempting to use a delegate that only supports static-sized tensors with a graph that has dynamic-sized tensors (tensor#58 is a dynamic-sized tensor).
Oct 13, 2024 15:42:10.120 [19708:3340:1013/154210.120:ERROR:registration_request.cc(291)] Registration response error message: DEPRECATED_ENDPOINT
Oct 13, 2024 15:47:45.370 [19708:3340:1013/154745.370:ERROR:registration_request.cc(291)] Registration response error message: DEPRECATED_ENDPOINT
Oct 13, 2024 15:50:53.233 [13736:2420:1013/155053.233:ERROR:registration_request.cc(291)] Registration response error message: DEPRECATED_ENDPOINT
Oct 13, 2024 15:50:53.286 Created TensorFlow Lite XNNPACK delegate for CPU.
Oct 13, 2024 15:57:13.419 [14532:15584:1013/155713.418:ERROR:registration_request.cc(291)] Registration response error message: DEPRECATED_ENDPOINT
Oct 13, 2024 15:57:13.483 Created TensorFlow Lite XNNPACK delegate for CPU.
Oct 13, 2024 15:57:35.311 [14532:15584:1013/155735.311:ERROR:registration_request.cc(291)] Registration response error message: DEPRECATED_ENDPOINT
Oct 13, 2024 15:57:43.564 Attempting to use a delegate that only supports static-sized tensors with a graph that has dynamic-sized tensors (tensor#58 is a dynamic-sized tensor).
Oct 13, 2024 15:58:27.37 [14532:15584:1013/155827.037:ERROR:registration_request.cc(291)] Registration response error message: DEPRECATED_ENDPOINT
Oct 13, 2024 16:00:02.32 [14532:15584:1013/160002.031:ERROR:registration_request.cc(291)] Registration response error message: DEPRECATED_ENDPOINT
Oct 13, 2024 16:03:22.525 [14532:15584:1013/160322.525:ERROR:registration_request.cc(291)] Registration response error message: DEPRECATED_ENDPOINT
Oct 13, 2024 16:10:33.286 [14532:15584:1013/161033.286:ERROR:registration_request.cc(291)] Registration response error message: DEPRECATED_ENDPOINT
Oct 13, 2024 17:01:24.48 Created TensorFlow Lite XNNPACK delegate for CPU.
Oct 13, 2024 17:02:28.93 [6056:19396:1013/170228.092:ERROR:registration_request.cc(274)] Registration URL fetching failed.
Oct 13, 2024 17:02:28.289 Created TensorFlow Lite XNNPACK delegate for CPU.
Oct 13, 2024 17:02:48.343 [6056:19396:1013/170248.343:ERROR:registration_request.cc(274)] Registration URL fetching failed.
Oct 13, 2024 17:03:01.505 Attempting to use a delegate that only supports static-sized tensors with a graph that has dynamic-sized tensors (tensor#58 is a dynamic-sized tensor).
Oct 13, 2024 17:03:29.722 [6056:19396:1013/170329.721:ERROR:registration_request.cc(274)] Registration URL fetching failed.
Oct 13, 2024 17:32:15.198 [13476:9312:1013/173215.198:ERROR:registration_request.cc(274)] Registration URL fetching failed.
Oct 13, 2024 17:32:15.448 Created TensorFlow Lite XNNPACK delegate for CPU.
Oct 13, 2024 17:34:03.815 [12984:16108:1013/173403.815:ERROR:registration_request.cc(274)] Registration URL fetching failed.
Oct 13, 2024 17:34:04.118 Created TensorFlow Lite XNNPACK delegate for CPU.
Oct 13, 2024 17:34:32.819 [12984:16108:1013/173432.818:ERROR:registration_request.cc(274)] Registration URL fetching failed.
Oct 13, 2024 17:34:37.148 Attempting to use a delegate that only supports static-sized tensors with a graph that has dynamic-sized tensors (tensor#58 is a dynamic-sized tensor).
Oct 13, 2024 17:35:20.342 [12984:16108:1013/173520.342:ERROR:registration_request.cc(274)] Registration URL fetching failed.
Oct 13, 2024 17:37:04.104 [12984:16108:1013/173704.104:ERROR:registration_request.cc(274)] Registration URL fetching failed.
Oct 13, 2024 17:40:29.872 [12984:16108:1013/174029.872:ERROR:registration_request.cc(274)] Registration URL fetching failed.
Oct 13, 2024 17:43:37.703 [5368:15232:1013/174337.702:ERROR:registration_request.cc(291)] Registration response error message: DEPRECATED_ENDPOINT
Oct 13, 2024 17:43:38.04 Created TensorFlow Lite XNNPACK delegate for CPU.
Oct 13, 2024 17:44:03.144 [5368:15232:1013/174403.143:ERROR:registration_request.cc(291)] Registration response error message: DEPRECATED_ENDPOINT
Oct 13, 2024 17:44:10.415 Attempting to use a delegate that only supports static-sized tensors with a graph that has dynamic-sized tensors (tensor#58 is a dynamic-sized tensor).
Oct 13, 2024 17:44:52.445 [5368:15232:1013/174452.445:ERROR:registration_request.cc(291)] Registration response error message: DEPRECATED_ENDPOINT
Oct 13, 2024 17:46:39.385 [5368:15232:1013/174639.385:ERROR:registration_request.cc(291)] Registration response error message: DEPRECATED_ENDPOINT
Oct 13, 2024 17:46:48.732 [5368:15232:1013/174648.731:ERROR:registration_request.cc(291)] Registration response error message: DEPRECATED_ENDPOINT
Oct 13, 2024 17:47:15.390 [5368:15232:1013/174715.390:ERROR:registration_request.cc(291)] Registration response error message: DEPRECATED_ENDPOINT
Oct 13, 2024 17:48:01.789 [5368:15232:1013/174801.789:ERROR:registration_request.cc(291)] Registration response error message: DEPRECATED_ENDPOINT
Oct 13, 2024 17:49:31.981 [5368:15232:1013/174931.980:ERROR:registration_request.cc(291)] Registration response error message: DEPRECATED_ENDPOINT
Oct 13, 2024 17:49:48.777 [5368:15232:1013/174948.777:ERROR:registration_request.cc(291)] Registration response error message: DEPRECATED_ENDPOINT
